# JRE version: OpenJDK Runtime Environment (8.0_212-b04) (build 1.8.0_212-release-1586-b04)
# Java VM: OpenJDK 64-Bit Server VM (25.212-b04 mixed mode windows-amd64 compressed oops)
Heap:
 PSYoungGen      total 267264K, used 102329K [0x00000000e0000000, 0x00000000f5500000, 0x0000000100000000)
  eden space 243712K, 35% used [0x00000000e0000000,0x00000000e53987c0,0x00000000eee00000)
  from space 23552K, 71% used [0x00000000eee00000,0x00000000efe55da8,0x00000000f0500000)
  to   space 24064K, 0% used [0x00000000f3d80000,0x00000000f3d80000,0x00000000f5500000)
 ParOldGen       total 201216K, used 45351K [0x00000000a0000000, 0x00000000ac480000, 0x00000000e0000000)
  object space 201216K, 22% used [0x00000000a0000000,0x00000000a2c49e88,0x00000000ac480000)
 Metaspace       used 87258K, capacity 91820K, committed 91992K, reserved 1128448K
  class space    used 11750K, capacity 12619K, committed 12632K, reserved 1048576K
GC Heap History (10 events):
Event: 8.007 GC heap before
{Heap before GC invocations=12 (full 2):
 PSYoungGen      total 179200K, used 22114K [0x00000000e0000000, 0x00000000ee000000, 0x0000000100000000)
  eden space 164352K, 4% used [0x00000000e0000000,0x00000000e07192b0,0x00000000ea080000)
  from space 14848K, 99% used [0x00000000ea080000,0x00000000eaeff7d8,0x00000000eaf00000)
  to   space 19456K, 0% used [0x00000000ecd00000,0x00000000ecd00000,0x00000000ee000000)
 ParOldGen       total 150016K, used 27261K [0x00000000a0000000, 0x00000000a9280000, 0x00000000e0000000)
  object space 150016K, 18% used [0x00000000a0000000,0x00000000a1a9f720,0x00000000a9280000)
 Metaspace       used 57072K, capacity 59014K, committed 59096K, reserved 1099776K
  class space    used 7879K, capacity 8326K, committed 8408K, reserved 1048576K
Event: 8.018 GC heap after
Heap after GC invocations=12 (full 2):
 PSYoungGen      total 210432K, used 10081K [0x00000000e0000000, 0x00000000f0c80000, 0x0000000100000000)
  eden space 190976K, 0% used [0x00000000e0000000,0x00000000e0000000,0x00000000eba80000)
  from space 19456K, 51% used [0x00000000ecd00000,0x00000000ed6d84d8,0x00000000ee000000)
  to   space 18944K, 0% used [0x00000000eba80000,0x00000000eba80000,0x00000000ecd00000)
 ParOldGen       total 150016K, used 32893K [0x00000000a0000000, 0x00000000a9280000, 0x00000000e0000000)
  object space 150016K, 21% used [0x00000000a0000000,0x00000000a201f748,0x00000000a9280000)
 Metaspace       used 57072K, capacity 59014K, committed 59096K, reserved 1099776K
  class space    used 7879K, capacity 8326K, committed 8408K, reserved 1048576K
}
Event: 8.018 GC heap before
{Heap before GC invocations=13 (full 3):
 PSYoungGen      total 210432K, used 10081K [0x00000000e0000000, 0x00000000f0c80000, 0x0000000100000000)
  eden space 190976K, 0% used [0x00000000e0000000,0x00000000e0000000,0x00000000eba80000)
  from space 19456K, 51% used [0x00000000ecd00000,0x00000000ed6d84d8,0x00000000ee000000)
  to   space 18944K, 0% used [0x00000000eba80000,0x00000000eba80000,0x00000000ecd00000)
 ParOldGen       total 150016K, used 32893K [0x00000000a0000000, 0x00000000a9280000, 0x00000000e0000000)
  object space 150016K, 21% used [0x00000000a0000000,0x00000000a201f748,0x00000000a9280000)
 Metaspace       used 57072K, capacity 59014K, committed 59096K, reserved 1099776K
  class space    used 7879K, capacity 8326K, committed 8408K, reserved 1048576K
Event: 8.229 GC heap after
Heap after GC invocations=13 (full 3):
 PSYoungGen      total 210432K, used 0K [0x00000000e0000000, 0x00000000f0c80000, 0x0000000100000000)
  eden space 190976K, 0% used [0x00000000e0000000,0x00000000e0000000,0x00000000eba80000)
  from space 19456K, 0% used [0x00000000ecd00000,0x00000000ecd00000,0x00000000ee000000)
  to   space 18944K, 0% used [0x00000000eba80000,0x00000000eba80000,0x00000000ecd00000)
 ParOldGen       total 201216K, used 30863K [0x00000000a0000000, 0x00000000ac480000, 0x00000000e0000000)
  object space 201216K, 15% used [0x00000000a0000000,0x00000000a1e23e48,0x00000000ac480000)
 Metaspace       used 57045K, capacity 58924K, committed 59096K, reserved 1099776K
  class space    used 7871K, capacity 8311K, committed 8408K, reserved 1048576K
}
Event: 10.473 GC heap before
{Heap before GC invocations=14 (full 3):
 PSYoungGen      total 210432K, used 190976K [0x00000000e0000000, 0x00000000f0c80000, 0x0000000100000000)
  eden space 190976K, 100% used [0x00000000e0000000,0x00000000eba80000,0x00000000eba80000)
  from space 19456K, 0% used [0x00000000ecd00000,0x00000000ecd00000,0x00000000ee000000)
  to   space 18944K, 0% used [0x00000000eba80000,0x00000000eba80000,0x00000000ecd00000)
 ParOldGen       total 201216K, used 30863K [0x00000000a0000000, 0x00000000ac480000, 0x00000000e0000000)
  object space 201216K, 15% used [0x00000000a0000000,0x00000000a1e23e48,0x00000000ac480000)
 Metaspace       used 61990K, capacity 64652K, committed 64984K, reserved 1105920K
  class space    used 8527K, capacity 9079K, committed 9176K, reserved 1048576K
Event: 10.483 GC heap after
Heap after GC invocations=14 (full 3):
 PSYoungGen      total 209920K, used 11087K [0x00000000e0000000, 0x00000000f1980000, 0x0000000100000000)
  eden space 190976K, 0% used [0x00000000e0000000,0x00000000e0000000,0x00000000eba80000)
  from space 18944K, 58% used [0x00000000eba80000,0x00000000ec553e60,0x00000000ecd00000)
  to   space 18432K, 0% used [0x00000000f0780000,0x00000000f0780000,0x00000000f1980000)
 ParOldGen       total 201216K, used 30871K [0x00000000a0000000, 0x00000000ac480000, 0x00000000e0000000)
  object space 201216K, 15% used [0x00000000a0000000,0x00000000a1e25e48,0x00000000ac480000)
 Metaspace       used 61990K, capacity 64652K, committed 64984K, reserved 1105920K
  class space    used 8527K, capacity 9079K, committed 9176K, reserved 1048576K
}
Event: 18.031 GC heap before
{Heap before GC invocations=15 (full 3):
 PSYoungGen      total 209920K, used 202063K [0x00000000e0000000, 0x00000000f1980000, 0x0000000100000000)
  eden space 190976K, 100% used [0x00000000e0000000,0x00000000eba80000,0x00000000eba80000)
  from space 18944K, 58% used [0x00000000eba80000,0x00000000ec553e60,0x00000000ecd00000)
  to   space 18432K, 0% used [0x00000000f0780000,0x00000000f0780000,0x00000000f1980000)
 ParOldGen       total 201216K, used 30871K [0x00000000a0000000, 0x00000000ac480000, 0x00000000e0000000)
  object space 201216K, 15% used [0x00000000a0000000,0x00000000a1e25e48,0x00000000ac480000)
 Metaspace       used 71699K, capacity 74458K, committed 74840K, reserved 1114112K
  class space    used 9656K, capacity 10218K, committed 10328K, reserved 1048576K
Event: 18.053 GC heap after
Heap after GC invocations=15 (full 3):
 PSYoungGen      total 262144K, used 18410K [0x00000000e0000000, 0x00000000f1c00000, 0x0000000100000000)
  eden space 243712K, 0% used [0x00000000e0000000,0x00000000e0000000,0x00000000eee00000)
  from space 18432K, 99% used [0x00000000f0780000,0x00000000f197ab28,0x00000000f1980000)
  to   space 23552K, 0% used [0x00000000eee00000,0x00000000eee00000,0x00000000f0500000)
 ParOldGen       total 201216K, used 39503K [0x00000000a0000000, 0x00000000ac480000, 0x00000000e0000000)
  object space 201216K, 19% used [0x00000000a0000000,0x00000000a2693dd0,0x00000000ac480000)
 Metaspace       used 71699K, capacity 74458K, committed 74840K, reserved 1114112K
  class space    used 9656K, capacity 10218K, committed 10328K, reserved 1048576K
}
Event: 140.722 GC heap before
{Heap before GC invocations=16 (full 3):
 PSYoungGen      total 262144K, used 262122K [0x00000000e0000000, 0x00000000f1c00000, 0x0000000100000000)
  eden space 243712K, 100% used [0x00000000e0000000,0x00000000eee00000,0x00000000eee00000)
  from space 18432K, 99% used [0x00000000f0780000,0x00000000f197ab28,0x00000000f1980000)
  to   space 23552K, 0% used [0x00000000eee00000,0x00000000eee00000,0x00000000f0500000)
 ParOldGen       total 201216K, used 39503K [0x00000000a0000000, 0x00000000ac480000, 0x00000000e0000000)
  object space 201216K, 19% used [0x00000000a0000000,0x00000000a2693dd0,0x00000000ac480000)
 Metaspace       used 86803K, capacity 91422K, committed 91736K, reserved 1128448K
  class space    used 11741K, capacity 12608K, committed 12632K, reserved 1048576K
Event: 140.744 GC heap after
Heap after GC invocations=16 (full 3):
 PSYoungGen      total 267264K, used 16727K [0x00000000e0000000, 0x00000000f5500000, 0x0000000100000000)
  eden space 243712K, 0% used [0x00000000e0000000,0x00000000e0000000,0x00000000eee00000)
  from space 23552K, 71% used [0x00000000eee00000,0x00000000efe55da8,0x00000000f0500000)
  to   space 24064K, 0% used [0x00000000f3d80000,0x00000000f3d80000,0x00000000f5500000)
 ParOldGen       total 201216K, used 45351K [0x00000000a0000000, 0x00000000ac480000, 0x00000000e0000000)
  object space 201216K, 22% used [0x00000000a0000000,0x00000000a2c49e88,0x00000000ac480000)
 Metaspace       used 86803K, capacity 91422K, committed 91736K, reserved 1128448K
  class space    used 11741K, capacity 12608K, committed 12632K, reserved 1048576K
}

